<?xml version="1.0" encoding="UTF-8"?>
<coverage generated="1683096781725" clover="3.2.0">
  <project timestamp="1683096781725" name="All files">
    <metrics statements="26" coveredstatements="26" conditionals="9" coveredconditionals="9" methods="5" coveredmethods="5" elements="40" coveredelements="40" complexity="0" loc="26" ncloc="26" packages="1" files="1" classes="1"/>
    <file name="Solution.ts" path="D:\Coding-Challenge\src\Solution.ts">
      <metrics statements="26" coveredstatements="26" conditionals="9" coveredconditionals="9" methods="5" coveredmethods="5"/>
      <line num="17" count="9" type="stmt"/>
      <line num="18" count="9" type="stmt"/>
      <line num="19" count="9" type="stmt"/>
      <line num="22" count="9" type="stmt"/>
      <line num="23" count="9" type="stmt"/>
      <line num="28" count="39" type="stmt"/>
      <line num="33" count="9" type="stmt"/>
      <line num="34" count="9" type="stmt"/>
      <line num="36" count="9" type="stmt"/>
      <line num="37" count="14" type="stmt"/>
      <line num="40" count="14" type="cond" truecount="1" falsecount="0"/>
      <line num="41" count="1" type="stmt"/>
      <line num="44" count="13" type="stmt"/>
      <line num="45" count="13" type="stmt"/>
      <line num="46" count="13" type="cond" truecount="3" falsecount="0"/>
      <line num="47" count="4" type="stmt"/>
      <line num="48" count="4" type="stmt"/>
      <line num="51" count="13" type="cond" truecount="3" falsecount="0"/>
      <line num="52" count="4" type="stmt"/>
      <line num="55" count="13" type="stmt"/>
      <line num="58" count="8" type="stmt"/>
      <line num="63" count="9" type="stmt"/>
      <line num="64" count="9" type="stmt"/>
      <line num="65" count="39" type="cond" truecount="2" falsecount="0"/>
      <line num="67" count="9" type="stmt"/>
      <line num="72" count="1" type="stmt"/>
    </file>
  </project>
</coverage>
