{"D:\\Coding-Challenge\\src\\Solution.ts": {"path":"D:\\Coding-Challenge\\src\\Solution.ts","statementMap":{"0":{"start":{"line":17,"column":21},"end":{"line":17,"column":null}},"1":{"start":{"line":28,"column":4},"end":{"line":28,"column":null}},"2":{"start":{"line":33,"column":23},"end":{"line":33,"column":null}},"3":{"start":{"line":34,"column":16},"end":{"line":34,"column":null}},"4":{"start":{"line":36,"column":4},"end":{"line":56,"column":null}},"5":{"start":{"line":37,"column":26},"end":{"line":37,"column":53}},"6":{"start":{"line":40,"column":6},"end":{"line":42,"column":7}},"7":{"start":{"line":41,"column":8},"end":{"line":41,"column":70}},"8":{"start":{"line":44,"column":48},"end":{"line":44,"column":null}},"9":{"start":{"line":45,"column":22},"end":{"line":45,"column":null}},"10":{"start":{"line":46,"column":6},"end":{"line":49,"column":7}},"11":{"start":{"line":47,"column":31},"end":{"line":47,"column":null}},"12":{"start":{"line":48,"column":8},"end":{"line":48,"column":null}},"13":{"start":{"line":51,"column":6},"end":{"line":53,"column":7}},"14":{"start":{"line":52,"column":8},"end":{"line":52,"column":null}},"15":{"start":{"line":55,"column":6},"end":{"line":55,"column":null}},"16":{"start":{"line":58,"column":4},"end":{"line":58,"column":null}},"17":{"start":{"line":63,"column":51},"end":{"line":63,"column":null}},"18":{"start":{"line":64,"column":4},"end":{"line":66,"column":null}},"19":{"start":{"line":65,"column":6},"end":{"line":65,"column":null}},"20":{"start":{"line":67,"column":4},"end":{"line":67,"column":null}},"21":{"start":{"line":18,"column":2},"end":{"line":18,"column":null}},"22":{"start":{"line":19,"column":2},"end":{"line":19,"column":null}},"23":{"start":{"line":22,"column":4},"end":{"line":22,"column":null}},"24":{"start":{"line":23,"column":4},"end":{"line":23,"column":null}},"25":{"start":{"line":72,"column":35},"end":{"line":93,"column":null}}},"fnMap":{"0":{"name":"(anonymous_0)","decl":{"start":{"line":17,"column":21},"end":{"line":17,"column":null}},"loc":{"start":{"line":17,"column":21},"end":{"line":17,"column":null}}},"1":{"name":"(anonymous_2)","decl":{"start":{"line":27,"column":2},"end":{"line":27,"column":7}},"loc":{"start":{"line":27,"column":25},"end":{"line":29,"column":null}}},"2":{"name":"(anonymous_3)","decl":{"start":{"line":32,"column":2},"end":{"line":32,"column":10}},"loc":{"start":{"line":32,"column":10},"end":{"line":59,"column":null}}},"3":{"name":"(anonymous_4)","decl":{"start":{"line":62,"column":10},"end":{"line":62,"column":29}},"loc":{"start":{"line":62,"column":29},"end":{"line":68,"column":null}}},"4":{"name":"(anonymous_5)","decl":{"start":{"line":21,"column":2},"end":{"line":21,"column":14}},"loc":{"start":{"line":21,"column":42},"end":{"line":24,"column":null}}}},"branchMap":{"0":{"loc":{"start":{"line":40,"column":6},"end":{"line":42,"column":7}},"type":"if","locations":[{"start":{"line":40,"column":6},"end":{"line":42,"column":7}}]},"1":{"loc":{"start":{"line":46,"column":6},"end":{"line":49,"column":7}},"type":"if","locations":[{"start":{"line":46,"column":6},"end":{"line":49,"column":7}}]},"2":{"loc":{"start":{"line":46,"column":9},"end":{"line":46,"column":54}},"type":"binary-expr","locations":[{"start":{"line":46,"column":9},"end":{"line":46,"column":21}},{"start":{"line":46,"column":21},"end":{"line":46,"column":54}}]},"3":{"loc":{"start":{"line":51,"column":6},"end":{"line":53,"column":7}},"type":"if","locations":[{"start":{"line":51,"column":6},"end":{"line":53,"column":7}}]},"4":{"loc":{"start":{"line":51,"column":10},"end":{"line":51,"column":56}},"type":"binary-expr","locations":[{"start":{"line":51,"column":10},"end":{"line":51,"column":26}},{"start":{"line":51,"column":26},"end":{"line":51,"column":56}}]},"5":{"loc":{"start":{"line":65,"column":26},"end":{"line":65,"column":51}},"type":"binary-expr","locations":[{"start":{"line":65,"column":26},"end":{"line":65,"column":42}},{"start":{"line":65,"column":46},"end":{"line":65,"column":51}}]}},"s":{"0":9,"1":39,"2":9,"3":9,"4":9,"5":14,"6":14,"7":1,"8":13,"9":13,"10":13,"11":4,"12":4,"13":13,"14":4,"15":13,"16":8,"17":9,"18":9,"19":39,"20":9,"21":9,"22":9,"23":9,"24":9,"25":1},"f":{"0":9,"1":39,"2":9,"3":9,"4":9},"b":{"0":[1],"1":[4],"2":[13,5],"3":[4],"4":[13,5],"5":[39,14]}}
}
