TN:
SF:src\Solution.ts
FN:17,(anonymous_0)
FN:27,(anonymous_2)
FN:32,(anonymous_3)
FN:62,(anonymous_4)
FN:21,(anonymous_5)
FNF:5
FNH:5
FNDA:9,(anonymous_0)
FNDA:39,(anonymous_2)
FNDA:9,(anonymous_3)
FNDA:9,(anonymous_4)
FNDA:9,(anonymous_5)
DA:17,9
DA:18,9
DA:19,9
DA:22,9
DA:23,9
DA:28,39
DA:33,9
DA:34,9
DA:36,9
DA:37,14
DA:40,14
DA:41,1
DA:44,13
DA:45,13
DA:46,13
DA:47,4
DA:48,4
DA:51,13
DA:52,4
DA:55,13
DA:58,8
DA:63,9
DA:64,9
DA:65,39
DA:67,9
DA:72,1
LF:26
LH:26
BRDA:40,0,0,1
BRDA:46,1,0,4
BRDA:46,2,0,13
BRDA:46,2,1,5
BRDA:51,3,0,4
BRDA:51,4,0,13
BRDA:51,4,1,5
BRDA:65,5,0,39
BRDA:65,5,1,14
BRF:9
BRH:9
end_of_record
